  [1m[35m (29.0ms)[0m  [1m[35mCREATE TABLE "schema_migrations" ("version" character varying PRIMARY KEY)[0m
  [1m[35m (24.5ms)[0m  [1m[35mCREATE TABLE "ar_internal_metadata" ("key" character varying PRIMARY KEY, "value" character varying, "created_at" timestamp NOT NULL, "updated_at" timestamp NOT NULL)[0m
  [1m[35m (0.5ms)[0m  [1m[34mSELECT pg_try_advisory_lock(1721998755731150925);[0m
  [1m[36mActiveRecord::SchemaMigration Load (1.0ms)[0m  [1m[34mSELECT "schema_migrations".* FROM "schema_migrations"[0m
  [1m[36mActiveRecord::InternalMetadata Load (1.0ms)[0m  [1m[34mSELECT  "ar_internal_metadata".* FROM "ar_internal_metadata" WHERE "ar_internal_metadata"."key" = $1 LIMIT $2[0m  [["key", :environment], ["LIMIT", 1]]
  [1m[35m (0.5ms)[0m  [1m[35mBEGIN[0m
  [1m[35mSQL (1.0ms)[0m  [1m[32mINSERT INTO "ar_internal_metadata" ("key", "value", "created_at", "updated_at") VALUES ($1, $2, $3, $4) RETURNING "key"[0m  [["key", "environment"], ["value", "development"], ["created_at", 2017-03-26 19:56:06 UTC], ["updated_at", 2017-03-26 19:56:06 UTC]]
  [1m[35m (3.0ms)[0m  [1m[35mCOMMIT[0m
  [1m[35m (0.5ms)[0m  [1m[34mSELECT pg_advisory_unlock(1721998755731150925)[0m
  [1m[36mActiveRecord::SchemaMigration Load (0.5ms)[0m  [1m[34mSELECT "schema_migrations".* FROM "schema_migrations"[0m
Started GET "/" for ::1 at 2017-03-26 15:57:19 -0400
Processing by Rails::WelcomeController#index as HTML
  Parameters: {"internal"=>true}
  Rendering C:/RailsInstaller/Ruby2.2.0/lib/ruby/gems/2.2.0/gems/railties-5.0.2/lib/rails/templates/rails/welcome/index.html.erb
  Rendered C:/RailsInstaller/Ruby2.2.0/lib/ruby/gems/2.2.0/gems/railties-5.0.2/lib/rails/templates/rails/welcome/index.html.erb (9.0ms)
Completed 200 OK in 180ms (Views: 102.7ms | ActiveRecord: 0.0ms)


Started GET "/" for ::1 at 2017-03-26 16:08:33 -0400
  
SyntaxError (C:/RailsInstaller/Ruby2.2.0/shine/app/controllers/dashboard_controller.rb:3: syntax error, unexpected end-of-input, expecting keyword_end):
  
app/controllers/dashboard_controller.rb:3: syntax error, unexpected end-of-input, expecting keyword_end
  Rendering C:/RailsInstaller/Ruby2.2.0/lib/ruby/gems/2.2.0/gems/actionpack-5.0.2/lib/action_dispatch/middleware/templates/rescues/diagnostics.html.erb within rescues/layout
  Rendering C:/RailsInstaller/Ruby2.2.0/lib/ruby/gems/2.2.0/gems/actionpack-5.0.2/lib/action_dispatch/middleware/templates/rescues/_source.html.erb
  Rendered C:/RailsInstaller/Ruby2.2.0/lib/ruby/gems/2.2.0/gems/actionpack-5.0.2/lib/action_dispatch/middleware/templates/rescues/_source.html.erb (6.0ms)
  Rendering C:/RailsInstaller/Ruby2.2.0/lib/ruby/gems/2.2.0/gems/actionpack-5.0.2/lib/action_dispatch/middleware/templates/rescues/_trace.html.erb
  Rendered C:/RailsInstaller/Ruby2.2.0/lib/ruby/gems/2.2.0/gems/actionpack-5.0.2/lib/action_dispatch/middleware/templates/rescues/_trace.html.erb (4.0ms)
  Rendering C:/RailsInstaller/Ruby2.2.0/lib/ruby/gems/2.2.0/gems/actionpack-5.0.2/lib/action_dispatch/middleware/templates/rescues/_request_and_response.html.erb
  Rendered C:/RailsInstaller/Ruby2.2.0/lib/ruby/gems/2.2.0/gems/actionpack-5.0.2/lib/action_dispatch/middleware/templates/rescues/_request_and_response.html.erb (19.0ms)
  Rendered C:/RailsInstaller/Ruby2.2.0/lib/ruby/gems/2.2.0/gems/actionpack-5.0.2/lib/action_dispatch/middleware/templates/rescues/diagnostics.html.erb within rescues/layout (2883.6ms)
Started GET "/" for ::1 at 2017-03-26 16:09:13 -0400
Processing by DashboardController#index as HTML
  Rendering dashboard/index.html.erb within layouts/application
  Rendered dashboard/index.html.erb within layouts/application (0.0ms)
Completed 200 OK in 713ms (Views: 675.1ms | ActiveRecord: 0.0ms)


  [1m[35m (1.0ms)[0m  [1m[34mSELECT pg_try_advisory_lock(1721998755731150925);[0m
  [1m[36mActiveRecord::SchemaMigration Load (1.0ms)[0m  [1m[34mSELECT "schema_migrations".* FROM "schema_migrations"[0m
Migrating to DeviseCreateUsers (20170326201659)
  [1m[35m (1.0ms)[0m  [1m[35mBEGIN[0m
  [1m[35m (23.0ms)[0m  [1m[35mCREATE TABLE "users" ("id" serial primary key, "email" character varying DEFAULT '' NOT NULL, "encrypted_password" character varying DEFAULT '' NOT NULL, "reset_password_token" character varying, "reset_password_sent_at" timestamp, "remember_created_at" timestamp, "sign_in_count" integer DEFAULT 0 NOT NULL, "current_sign_in_at" timestamp, "last_sign_in_at" timestamp, "current_sign_in_ip" inet, "last_sign_in_ip" inet, "created_at" timestamp NOT NULL, "updated_at" timestamp NOT NULL)[0m
  [1m[35m (7.0ms)[0m  [1m[35mCREATE UNIQUE INDEX  "index_users_on_email" ON "users"  ("email")[0m
  [1m[35m (6.0ms)[0m  [1m[35mCREATE UNIQUE INDEX  "index_users_on_reset_password_token" ON "users"  ("reset_password_token")[0m
  [1m[35mSQL (1.0ms)[0m  [1m[32mINSERT INTO "schema_migrations" ("version") VALUES ($1) RETURNING "version"[0m  [["version", "20170326201659"]]
  [1m[35m (7.0ms)[0m  [1m[35mCOMMIT[0m
  [1m[36mActiveRecord::InternalMetadata Load (1.0ms)[0m  [1m[34mSELECT  "ar_internal_metadata".* FROM "ar_internal_metadata" WHERE "ar_internal_metadata"."key" = $1 LIMIT $2[0m  [["key", :environment], ["LIMIT", 1]]
  [1m[35m (0.0ms)[0m  [1m[35mBEGIN[0m
  [1m[35m (0.0ms)[0m  [1m[35mCOMMIT[0m
  [1m[35m (1.0ms)[0m  [1m[34mSELECT pg_advisory_unlock(1721998755731150925)[0m
  [1m[36mActiveRecord::SchemaMigration Load (0.0ms)[0m  [1m[34mSELECT "schema_migrations".* FROM "schema_migrations"[0m
Started GET "/" for ::1 at 2017-03-26 16:26:22 -0400
  [1m[36mActiveRecord::SchemaMigration Load (1.0ms)[0m  [1m[34mSELECT "schema_migrations".* FROM "schema_migrations"[0m
Processing by DashboardController#index as HTML
Completed 401 Unauthorized in 32ms (ActiveRecord: 0.0ms)


Started GET "/users/sign_in" for ::1 at 2017-03-26 16:26:35 -0400
Processing by Devise::SessionsController#new as HTML
  Rendering C:/RailsInstaller/Ruby2.2.0/lib/ruby/gems/2.2.0/gems/devise-4.2.1/app/views/devise/sessions/new.html.erb within layouts/application
  Rendered C:/RailsInstaller/Ruby2.2.0/lib/ruby/gems/2.2.0/gems/devise-4.2.1/app/views/devise/shared/_links.html.erb (2.0ms)
  Rendered C:/RailsInstaller/Ruby2.2.0/lib/ruby/gems/2.2.0/gems/devise-4.2.1/app/views/devise/sessions/new.html.erb within layouts/application (161.1ms)
Completed 200 OK in 858ms (Views: 833.4ms | ActiveRecord: 6.1ms)


Started GET "/users/sign_up" for ::1 at 2017-03-26 16:27:06 -0400
Processing by Devise::RegistrationsController#new as HTML
  Rendering C:/RailsInstaller/Ruby2.2.0/lib/ruby/gems/2.2.0/gems/devise-4.2.1/app/views/devise/registrations/new.html.erb within layouts/application
  Rendered C:/RailsInstaller/Ruby2.2.0/lib/ruby/gems/2.2.0/gems/devise-4.2.1/app/views/devise/shared/_links.html.erb (1.0ms)
  Rendered C:/RailsInstaller/Ruby2.2.0/lib/ruby/gems/2.2.0/gems/devise-4.2.1/app/views/devise/registrations/new.html.erb within layouts/application (113.1ms)
Completed 200 OK in 485ms (Views: 484.8ms | ActiveRecord: 0.0ms)


Started POST "/users" for ::1 at 2017-03-26 16:27:37 -0400
Processing by Devise::RegistrationsController#create as HTML
  Parameters: {"utf8"=>"✓", "authenticity_token"=>"CQ1ltrFQM8Xxbw2jLhOl6vTCVYUZvNyoCrWCEYr0HWsDMv4cKjNwl7O7zRz+WSP/Ku0xCnwPDChOz2M8aiJU5w==", "user"=>{"email"=>"edfd1235@gmail.com", "password"=>"[FILTERED]", "password_confirmation"=>"[FILTERED]"}, "commit"=>"Sign up"}
  [1m[35m (1.0ms)[0m  [1m[35mBEGIN[0m
  [1m[36mUser Exists (2.0ms)[0m  [1m[34mSELECT  1 AS one FROM "users" WHERE "users"."email" = $1 LIMIT $2[0m  [["email", "edfd1235@gmail.com"], ["LIMIT", 1]]
  [1m[35mSQL (1.0ms)[0m  [1m[32mINSERT INTO "users" ("email", "encrypted_password", "created_at", "updated_at") VALUES ($1, $2, $3, $4) RETURNING "id"[0m  [["email", "edfd1235@gmail.com"], ["encrypted_password", "$2a$11$EmUju7MOKgwyUbSSwTOL6ePyabioTDq3u/Z8o90vYS9C7LT991Ci."], ["created_at", 2017-03-26 20:27:38 UTC], ["updated_at", 2017-03-26 20:27:38 UTC]]
  [1m[35m (3.0ms)[0m  [1m[35mCOMMIT[0m
  [1m[35m (0.0ms)[0m  [1m[35mBEGIN[0m
  [1m[35mSQL (1.0ms)[0m  [1m[33mUPDATE "users" SET "sign_in_count" = $1, "current_sign_in_at" = $2, "last_sign_in_at" = $3, "current_sign_in_ip" = $4, "last_sign_in_ip" = $5, "updated_at" = $6 WHERE "users"."id" = $7[0m  [["sign_in_count", 1], ["current_sign_in_at", 2017-03-26 20:27:38 UTC], ["last_sign_in_at", 2017-03-26 20:27:38 UTC], ["current_sign_in_ip", "::1/128"], ["last_sign_in_ip", "::1/128"], ["updated_at", 2017-03-26 20:27:38 UTC], ["id", 1]]
  [1m[35m (2.0ms)[0m  [1m[35mCOMMIT[0m
Redirected to http://localhost:3000/
Completed 302 Found in 545ms (ActiveRecord: 10.0ms)


Started GET "/" for ::1 at 2017-03-26 16:27:38 -0400
Processing by DashboardController#index as HTML
  [1m[36mUser Load (1.0ms)[0m  [1m[34mSELECT  "users".* FROM "users" WHERE "users"."id" = $1 ORDER BY "users"."id" ASC LIMIT $2[0m  [["id", 1], ["LIMIT", 1]]
  Rendering dashboard/index.html.erb within layouts/application
  Rendered dashboard/index.html.erb within layouts/application (1.0ms)
Completed 200 OK in 247ms (Views: 207.5ms | ActiveRecord: 1.0ms)


Started GET "/" for ::1 at 2017-03-26 19:51:55 -0400
  [1m[36mActiveRecord::SchemaMigration Load (1.0ms)[0m  [1m[34mSELECT "schema_migrations".* FROM "schema_migrations"[0m
Processing by DashboardController#index as HTML
  [1m[36mUser Load (2.0ms)[0m  [1m[34mSELECT  "users".* FROM "users" WHERE "users"."id" = $1 ORDER BY "users"."id" ASC LIMIT $2[0m  [["id", 1], ["LIMIT", 1]]
  Rendering dashboard/index.html.erb within layouts/application
  Rendered dashboard/index.html.erb within layouts/application (6.0ms)
Completed 200 OK in 11803ms (Views: 11717.4ms | ActiveRecord: 8.0ms)


Started GET "/" for ::1 at 2017-03-26 20:01:29 -0400
  [1m[36mActiveRecord::SchemaMigration Load (1.0ms)[0m  [1m[34mSELECT "schema_migrations".* FROM "schema_migrations"[0m
Processing by DashboardController#index as HTML
  [1m[36mUser Load (2.0ms)[0m  [1m[34mSELECT  "users".* FROM "users" WHERE "users"."id" = $1 ORDER BY "users"."id" ASC LIMIT $2[0m  [["id", 1], ["LIMIT", 1]]
  Rendering dashboard/index.html.erb within layouts/application
  Rendered dashboard/index.html.erb within layouts/application (13.0ms)
Completed 200 OK in 806ms (Views: 714.8ms | ActiveRecord: 9.0ms)


Started DELETE "/users/sign_out" for ::1 at 2017-03-26 20:01:49 -0400
Processing by Devise::SessionsController#destroy as HTML
  Parameters: {"authenticity_token"=>"zN2vGERrqxzUxIcMjJKBSUTc4oR+u6nQp5N29GUz6UDG4jSy3wjoTpYQR7Nc2AdcmvOGCxsIeVDj6ZfZheWgzA=="}
  [1m[36mUser Load (1.0ms)[0m  [1m[34mSELECT  "users".* FROM "users" WHERE "users"."id" = $1 ORDER BY "users"."id" ASC LIMIT $2[0m  [["id", 1], ["LIMIT", 1]]
  [1m[35m (0.0ms)[0m  [1m[35mBEGIN[0m
  [1m[35m (0.0ms)[0m  [1m[35mCOMMIT[0m
Redirected to http://localhost:3000/
Completed 302 Found in 24ms (ActiveRecord: 1.0ms)


Started GET "/" for ::1 at 2017-03-26 20:01:49 -0400
Processing by DashboardController#index as HTML
Completed 401 Unauthorized in 6ms (ActiveRecord: 0.0ms)


Started GET "/users/sign_in" for ::1 at 2017-03-26 20:01:49 -0400
Processing by Devise::SessionsController#new as HTML
  Rendering devise/sessions/new.html.erb within layouts/application
  Rendered devise/shared/_links.html.erb (1.0ms)
  Rendered devise/sessions/new.html.erb within layouts/application (97.1ms)
Completed 200 OK in 480ms (Views: 476.2ms | ActiveRecord: 0.0ms)


Started POST "/users/sign_in" for ::1 at 2017-03-26 20:02:03 -0400
Processing by Devise::SessionsController#create as HTML
  Parameters: {"utf8"=>"✓", "authenticity_token"=>"KEP+A157aPJMQEWDqOsB/s+gSDfHXT6hbiCuRr5wILXQQLPZ6QAFsU5H0M8bGSbNrYC0eZWcCh/vOSws4TgniQ==", "user"=>{"email"=>"edfd1235@gmail.com", "password"=>"[FILTERED]", "remember_me"=>"1"}, "commit"=>"Log in"}
  [1m[36mUser Load (1.0ms)[0m  [1m[34mSELECT  "users".* FROM "users" WHERE "users"."email" = $1 ORDER BY "users"."id" ASC LIMIT $2[0m  [["email", "edfd1235@gmail.com"], ["LIMIT", 1]]
  [1m[35m (1.0ms)[0m  [1m[35mBEGIN[0m
  [1m[35mSQL (0.0ms)[0m  [1m[33mUPDATE "users" SET "remember_created_at" = $1, "updated_at" = $2 WHERE "users"."id" = $3[0m  [["remember_created_at", 2017-03-27 00:02:03 UTC], ["updated_at", 2017-03-27 00:02:03 UTC], ["id", 1]]
  [1m[35m (5.0ms)[0m  [1m[35mCOMMIT[0m
  [1m[35m (0.0ms)[0m  [1m[35mBEGIN[0m
  [1m[35mSQL (1.0ms)[0m  [1m[33mUPDATE "users" SET "sign_in_count" = $1, "current_sign_in_at" = $2, "updated_at" = $3 WHERE "users"."id" = $4[0m  [["sign_in_count", 2], ["current_sign_in_at", 2017-03-27 00:02:03 UTC], ["updated_at", 2017-03-27 00:02:03 UTC], ["id", 1]]
  [1m[35m (2.0ms)[0m  [1m[35mCOMMIT[0m
Redirected to http://localhost:3000/
Completed 302 Found in 562ms (ActiveRecord: 10.0ms)


Started GET "/" for ::1 at 2017-03-26 20:02:04 -0400
Processing by DashboardController#index as HTML
  [1m[36mUser Load (1.0ms)[0m  [1m[34mSELECT  "users".* FROM "users" WHERE "users"."id" = $1 ORDER BY "users"."id" ASC LIMIT $2[0m  [["id", 1], ["LIMIT", 1]]
  Rendering dashboard/index.html.erb within layouts/application
  Rendered dashboard/index.html.erb within layouts/application (1.0ms)
Completed 200 OK in 308ms (Views: 267.1ms | ActiveRecord: 1.0ms)


Started DELETE "/users/sign_out" for ::1 at 2017-03-26 20:06:48 -0400
Processing by Devise::SessionsController#destroy as HTML
  Parameters: {"authenticity_token"=>"ZZBG8lnBNTZiA5NUrVIoxyC2TewkNiyKK1P5TGxCc7dE2FctNyQpEGVY4Ky+9MJN+uHXi+4uqJ1ZtGn5gt0cDA=="}
  [1m[36mUser Load (1.0ms)[0m  [1m[34mSELECT  "users".* FROM "users" WHERE "users"."id" = $1 ORDER BY "users"."id" ASC LIMIT $2[0m  [["id", 1], ["LIMIT", 1]]
  [1m[35m (0.0ms)[0m  [1m[35mBEGIN[0m
  [1m[35mSQL (1.0ms)[0m  [1m[33mUPDATE "users" SET "remember_created_at" = $1, "updated_at" = $2 WHERE "users"."id" = $3[0m  [["remember_created_at", nil], ["updated_at", 2017-03-27 00:06:48 UTC], ["id", 1]]
  [1m[35m (3.0ms)[0m  [1m[35mCOMMIT[0m
Redirected to http://localhost:3000/
Completed 302 Found in 12ms (ActiveRecord: 5.0ms)


Started GET "/" for ::1 at 2017-03-26 20:06:48 -0400
Processing by DashboardController#index as HTML
Completed 401 Unauthorized in 0ms (ActiveRecord: 0.0ms)


Started GET "/users/sign_in" for ::1 at 2017-03-26 20:06:48 -0400
Processing by Devise::SessionsController#new as HTML
  Rendering devise/sessions/new.html.erb within layouts/application
  Rendered devise/shared/_links.html.erb (1.0ms)
  Rendered devise/sessions/new.html.erb within layouts/application (49.1ms)
Completed 200 OK in 413ms (Views: 411.7ms | ActiveRecord: 0.0ms)


Started GET "/users/sign_in" for ::1 at 2017-03-26 21:19:25 -0400
Processing by Devise::SessionsController#new as HTML
  Rendering devise/sessions/new.html.erb within layouts/application
  Rendered devise/shared/_links.html.erb (2.0ms)
  Rendered devise/sessions/new.html.erb within layouts/application (47.1ms)
Completed 200 OK in 419ms (Views: 418.1ms | ActiveRecord: 0.0ms)


Started POST "/users/sign_in" for ::1 at 2017-03-26 21:21:15 -0400
Processing by Devise::SessionsController#create as HTML
  Parameters: {"utf8"=>"✓", "authenticity_token"=>"hGNu3E2Ni714+TKSgSAM77IIXl5mUGnf3kUdHDVhvq/k9VQCbQW6jNRLFIN7yjLkthWVdVsxpqq71fvLA5BbvA==", "user"=>{"email"=>"", "password"=>"[FILTERED]", "remember_me"=>"0"}, "commit"=>"Log in"}
Completed 401 Unauthorized in 1ms (ActiveRecord: 0.0ms)


Processing by Devise::SessionsController#new as HTML
  Parameters: {"utf8"=>"✓", "authenticity_token"=>"hGNu3E2Ni714+TKSgSAM77IIXl5mUGnf3kUdHDVhvq/k9VQCbQW6jNRLFIN7yjLkthWVdVsxpqq71fvLA5BbvA==", "user"=>{"email"=>"", "password"=>"[FILTERED]", "remember_me"=>"0"}, "commit"=>"Log in"}
  Rendering devise/sessions/new.html.erb within layouts/application
  Rendered devise/shared/_links.html.erb (1.0ms)
  Rendered devise/sessions/new.html.erb within layouts/application (48.0ms)
Completed 200 OK in 423ms (Views: 422.1ms | ActiveRecord: 0.0ms)


Started POST "/users/sign_in" for ::1 at 2017-03-26 21:21:32 -0400
Processing by Devise::SessionsController#create as HTML
  Parameters: {"utf8"=>"✓", "authenticity_token"=>"RQBOXt7oYe1rI7Oht8ScAuhKNc0LV2vyjPo2LHqpmAsllnSA/mBQ3MeRlbBNLqIJ7Ff+5jY2pIfpatD7TFh9GA==", "user"=>{"email"=>"edfd1235@gmail.com", "password"=>"[FILTERED]", "remember_me"=>"0"}, "commit"=>"Log in"}
  [1m[36mUser Load (1.0ms)[0m  [1m[34mSELECT  "users".* FROM "users" WHERE "users"."email" = $1 ORDER BY "users"."id" ASC LIMIT $2[0m  [["email", "edfd1235@gmail.com"], ["LIMIT", 1]]
  [1m[35m (1.0ms)[0m  [1m[35mBEGIN[0m
  [1m[35mSQL (0.0ms)[0m  [1m[33mUPDATE "users" SET "current_sign_in_at" = $1, "last_sign_in_at" = $2, "sign_in_count" = $3, "updated_at" = $4 WHERE "users"."id" = $5[0m  [["current_sign_in_at", 2017-03-27 01:21:32 UTC], ["last_sign_in_at", 2017-03-27 00:02:03 UTC], ["sign_in_count", 3], ["updated_at", 2017-03-27 01:21:32 UTC], ["id", 1]]
  [1m[35m (5.0ms)[0m  [1m[35mCOMMIT[0m
Redirected to http://localhost:3000/
Completed 302 Found in 524ms (ActiveRecord: 7.0ms)


Started GET "/" for ::1 at 2017-03-26 21:21:32 -0400
Processing by DashboardController#index as HTML
  [1m[36mUser Load (0.0ms)[0m  [1m[34mSELECT  "users".* FROM "users" WHERE "users"."id" = $1 ORDER BY "users"."id" ASC LIMIT $2[0m  [["id", 1], ["LIMIT", 1]]
  Rendering dashboard/index.html.erb within layouts/application
  Rendered dashboard/index.html.erb within layouts/application (1.0ms)
Completed 200 OK in 302ms (Views: 261.5ms | ActiveRecord: 0.0ms)


Started DELETE "/users/sign_out" for ::1 at 2017-03-26 21:21:36 -0400
Processing by Devise::SessionsController#destroy as HTML
  Parameters: {"authenticity_token"=>"jgLURcNv2aMpXGQQ2famZGczT2fNnD4z6TdPZBG9bQP6xy17zN3QSRbJ1/DvdZGIKQMMGjBbvgV8q170qI+jUg=="}
  [1m[36mUser Load (1.0ms)[0m  [1m[34mSELECT  "users".* FROM "users" WHERE "users"."id" = $1 ORDER BY "users"."id" ASC LIMIT $2[0m  [["id", 1], ["LIMIT", 1]]
  [1m[35m (0.0ms)[0m  [1m[35mBEGIN[0m
  [1m[35m (1.0ms)[0m  [1m[35mCOMMIT[0m
Redirected to http://localhost:3000/
Completed 302 Found in 7ms (ActiveRecord: 2.0ms)


Started GET "/" for ::1 at 2017-03-26 21:21:36 -0400
Processing by DashboardController#index as HTML
Completed 401 Unauthorized in 0ms (ActiveRecord: 0.0ms)


Started GET "/users/sign_in" for ::1 at 2017-03-26 21:21:36 -0400
Processing by Devise::SessionsController#new as HTML
  Rendering devise/sessions/new.html.erb within layouts/application
  Rendered devise/shared/_links.html.erb (1.0ms)
  Rendered devise/sessions/new.html.erb within layouts/application (47.0ms)
Completed 200 OK in 418ms (Views: 417.1ms | ActiveRecord: 0.0ms)


Started GET "/users/sign_in" for ::1 at 2017-03-26 21:25:21 -0400
Processing by Devise::SessionsController#new as HTML
  Rendering devise/sessions/new.html.erb within layouts/application
  Rendered devise/shared/_links.html.erb (1.0ms)
  Rendered devise/sessions/new.html.erb within layouts/application (47.0ms)
Completed 200 OK in 414ms (Views: 413.0ms | ActiveRecord: 0.0ms)


Started POST "/users/sign_in" for ::1 at 2017-03-26 21:25:23 -0400
Processing by Devise::SessionsController#create as HTML
  Parameters: {"utf8"=>"✓", "authenticity_token"=>"pWCT8q92sKViS4TEEokSlp4CIGrg9gp+8//XnIVH/hGD0nQaLGSNWFtXSaBdqyl+BQuEclZ+p+N8tP0excFoBw==", "user"=>{"email"=>"", "password"=>"[FILTERED]", "remember_me"=>"0"}, "commit"=>"Log in"}
Completed 401 Unauthorized in 1ms (ActiveRecord: 0.0ms)


Processing by Devise::SessionsController#new as HTML
  Parameters: {"utf8"=>"✓", "authenticity_token"=>"pWCT8q92sKViS4TEEokSlp4CIGrg9gp+8//XnIVH/hGD0nQaLGSNWFtXSaBdqyl+BQuEclZ+p+N8tP0excFoBw==", "user"=>{"email"=>"", "password"=>"[FILTERED]", "remember_me"=>"0"}, "commit"=>"Log in"}
  Rendering devise/sessions/new.html.erb within layouts/application
  Rendered devise/shared/_links.html.erb (1.0ms)
  Rendered devise/sessions/new.html.erb within layouts/application (48.0ms)
Completed 200 OK in 411ms (Views: 411.1ms | ActiveRecord: 0.0ms)


Started POST "/users/sign_in" for ::1 at 2017-03-26 21:27:23 -0400
Processing by Devise::SessionsController#create as HTML
  Parameters: {"utf8"=>"✓", "authenticity_token"=>"pWCT8q92sKViS4TEEokSlp4CIGrg9gp+8//XnIVH/hGD0nQaLGSNWFtXSaBdqyl+BQuEclZ+p+N8tP0excFoBw==", "user"=>{"email"=>"", "password"=>"[FILTERED]", "remember_me"=>"0"}, "commit"=>"Log in"}
Completed 401 Unauthorized in 1ms (ActiveRecord: 0.0ms)


Processing by Devise::SessionsController#new as HTML
  Parameters: {"utf8"=>"✓", "authenticity_token"=>"pWCT8q92sKViS4TEEokSlp4CIGrg9gp+8//XnIVH/hGD0nQaLGSNWFtXSaBdqyl+BQuEclZ+p+N8tP0excFoBw==", "user"=>{"email"=>"", "password"=>"[FILTERED]", "remember_me"=>"0"}, "commit"=>"Log in"}
  Rendering devise/sessions/new.html.erb within layouts/application
  Rendered devise/shared/_links.html.erb (1.0ms)
  Rendered devise/sessions/new.html.erb within layouts/application (49.1ms)
Completed 200 OK in 423ms (Views: 422.0ms | ActiveRecord: 0.0ms)


Started GET "/users/sign_up" for ::1 at 2017-03-26 21:27:24 -0400
Processing by Devise::RegistrationsController#new as HTML
  Rendering devise/registrations/new.html.erb within layouts/application
  Rendered devise/shared/_links.html.erb (1.0ms)
  Rendered devise/registrations/new.html.erb within layouts/application (50.0ms)
Completed 200 OK in 423ms (Views: 421.6ms | ActiveRecord: 0.0ms)


